<?xml version="1.0" encoding="UTF-8"?>
<testsuite name="petstore.Pet" tests="1" skipped="0" failures="0" errors="0" timestamp="2021-10-06T01:58:00" hostname="DESKTOP-THERON" time="0.797">
  <properties/>
  <testcase name="cadastrarPet" classname="petstore.Pet" time="0.797"/>
  <system-out><![CDATA[]]></system-out>
  <system-err><![CDATA[]]></system-err>
</testsuite>
